mode: atomic
github.com/bwalsh/github-app/internal/handler/handler.go:56.34,58.2 1 3
github.com/bwalsh/github-app/internal/handler/handler.go:61.85,63.2 1 6
github.com/bwalsh/github-app/internal/handler/handler.go:66.73,68.21 2 9
github.com/bwalsh/github-app/internal/handler/handler.go:68.21,71.3 2 1
github.com/bwalsh/github-app/internal/handler/handler.go:73.2,75.16 3 8
github.com/bwalsh/github-app/internal/handler/handler.go:75.16,78.3 2 0
github.com/bwalsh/github-app/internal/handler/handler.go:80.2,80.19 1 8
github.com/bwalsh/github-app/internal/handler/handler.go:81.14,82.24 1 4
github.com/bwalsh/github-app/internal/handler/handler.go:83.35,84.44 1 3
github.com/bwalsh/github-app/internal/handler/handler.go:85.10,86.38 1 1
github.com/bwalsh/github-app/internal/handler/handler.go:90.66,92.49 2 4
github.com/bwalsh/github-app/internal/handler/handler.go:92.49,95.3 2 1
github.com/bwalsh/github-app/internal/handler/handler.go:97.2,100.24 2 3
github.com/bwalsh/github-app/internal/handler/handler.go:100.24,106.3 3 1
github.com/bwalsh/github-app/internal/handler/handler.go:108.2,110.16 3 2
github.com/bwalsh/github-app/internal/handler/handler.go:110.16,115.3 3 0
github.com/bwalsh/github-app/internal/handler/handler.go:116.2,116.9 1 2
github.com/bwalsh/github-app/internal/handler/handler.go:116.9,121.3 3 1
github.com/bwalsh/github-app/internal/handler/handler.go:123.2,134.20 2 1
github.com/bwalsh/github-app/internal/handler/handler.go:134.20,135.46 1 1
github.com/bwalsh/github-app/internal/handler/handler.go:135.46,139.4 3 0
github.com/bwalsh/github-app/internal/handler/handler.go:142.2,143.49 1 1
github.com/bwalsh/github-app/internal/handler/handler.go:146.86,148.49 2 3
github.com/bwalsh/github-app/internal/handler/handler.go:148.49,151.3 2 0
github.com/bwalsh/github-app/internal/handler/handler.go:153.2,153.25 1 3
github.com/bwalsh/github-app/internal/handler/handler.go:153.25,157.3 3 1
github.com/bwalsh/github-app/internal/handler/handler.go:159.2,162.43 2 2
github.com/bwalsh/github-app/internal/handler/handler.go:162.43,169.24 3 4
github.com/bwalsh/github-app/internal/handler/handler.go:169.24,170.54 1 4
github.com/bwalsh/github-app/internal/handler/handler.go:170.54,175.5 3 0
github.com/bwalsh/github-app/internal/handler/handler.go:176.4,177.46 1 4
github.com/bwalsh/github-app/internal/handler/handler.go:180.3,190.21 2 4
github.com/bwalsh/github-app/internal/handler/handler.go:190.21,191.47 1 4
github.com/bwalsh/github-app/internal/handler/handler.go:191.47,195.5 3 1
github.com/bwalsh/github-app/internal/handler/handler.go:199.2,200.38 1 1
github.com/bwalsh/github-app/internal/handler/handler.go:203.87,205.49 2 1
github.com/bwalsh/github-app/internal/handler/handler.go:205.49,208.3 2 0
github.com/bwalsh/github-app/internal/handler/handler.go:209.2,212.62 2 1
github.com/bwalsh/github-app/internal/handler/handler.go:217.99,218.23 1 2
github.com/bwalsh/github-app/internal/handler/handler.go:218.23,223.3 1 0
github.com/bwalsh/github-app/internal/handler/handler.go:224.2,224.31 1 2
github.com/bwalsh/github-app/internal/worker/worker.go:22.78,24.2 1 3
github.com/bwalsh/github-app/internal/worker/worker.go:32.45,38.6 3 3
github.com/bwalsh/github-app/internal/worker/worker.go:38.6,39.10 1 6
github.com/bwalsh/github-app/internal/worker/worker.go:40.21,42.10 2 3
github.com/bwalsh/github-app/internal/worker/worker.go:43.32,45.11 1 3
github.com/bwalsh/github-app/internal/worker/worker.go:46.27,47.29 1 3
github.com/bwalsh/github-app/internal/worker/worker.go:47.29,48.19 1 3
github.com/bwalsh/github-app/internal/worker/worker.go:48.19,48.28 1 3
github.com/bwalsh/github-app/internal/worker/worker.go:49.6,49.25 1 3
github.com/bwalsh/github-app/internal/worker/worker.go:51.22,53.11 2 0
github.com/bwalsh/github-app/internal/worker/worker.go:60.63,69.16 4 3
github.com/bwalsh/github-app/internal/worker/worker.go:69.16,72.3 2 0
github.com/bwalsh/github-app/internal/worker/worker.go:75.2,89.18 4 3
github.com/bwalsh/github-app/internal/worker/worker.go:89.18,91.3 1 0
github.com/bwalsh/github-app/internal/worker/worker.go:91.8,91.26 1 3
github.com/bwalsh/github-app/internal/worker/worker.go:91.26,93.3 1 1
github.com/bwalsh/github-app/internal/worker/worker.go:93.8,93.28 1 2
github.com/bwalsh/github-app/internal/worker/worker.go:93.28,95.3 1 0
github.com/bwalsh/github-app/internal/worker/worker.go:95.8,97.3 1 2
github.com/bwalsh/github-app/internal/worker/worker.go:99.2,100.78 1 3
github.com/bwalsh/github-app/internal/worker/worker.go:100.78,102.3 1 0
github.com/bwalsh/github-app/internal/worker/worker.go:106.43,107.14 1 3
github.com/bwalsh/github-app/internal/worker/worker.go:108.28,109.27 1 2
github.com/bwalsh/github-app/internal/worker/worker.go:110.32,111.27 1 1
github.com/bwalsh/github-app/internal/worker/worker.go:112.10,113.22 1 0
github.com/bwalsh/github-app/internal/queue/queue.go:36.27,38.2 1 2
github.com/bwalsh/github-app/internal/queue/queue.go:41.41,42.9 1 3
github.com/bwalsh/github-app/internal/queue/queue.go:43.19,44.13 1 2
github.com/bwalsh/github-app/internal/queue/queue.go:45.10,46.37 1 1
github.com/bwalsh/github-app/internal/queue/queue.go:51.36,53.2 1 1
github.com/bwalsh/github-app/cmd/github-app/main.go:24.13,30.16 4 0
github.com/bwalsh/github-app/cmd/github-app/main.go:30.16,32.3 1 0
github.com/bwalsh/github-app/cmd/github-app/main.go:33.2,33.15 1 0
github.com/bwalsh/github-app/cmd/github-app/main.go:33.15,34.42 1 0
github.com/bwalsh/github-app/cmd/github-app/main.go:34.42,36.4 1 0
github.com/bwalsh/github-app/cmd/github-app/main.go:38.2,53.44 12 0
github.com/bwalsh/github-app/cmd/github-app/main.go:53.44,55.3 1 0
github.com/bwalsh/github-app/cmd/github-app/main.go:58.80,60.44 2 4
github.com/bwalsh/github-app/cmd/github-app/main.go:60.44,62.3 1 1
github.com/bwalsh/github-app/cmd/github-app/main.go:63.2,63.26 1 3
github.com/bwalsh/github-app/cmd/github-app/main.go:63.26,65.16 2 2
github.com/bwalsh/github-app/cmd/github-app/main.go:65.16,67.4 1 1
github.com/bwalsh/github-app/cmd/github-app/main.go:68.3,69.17 2 2
github.com/bwalsh/github-app/cmd/github-app/main.go:69.17,71.4 1 0
github.com/bwalsh/github-app/cmd/github-app/main.go:72.3,72.43 1 2
github.com/bwalsh/github-app/cmd/github-app/main.go:74.2,74.99 1 1
github.com/bwalsh/github-app/cmd/github-app/main.go:77.53,79.16 2 2
github.com/bwalsh/github-app/cmd/github-app/main.go:79.16,81.3 1 1
github.com/bwalsh/github-app/cmd/github-app/main.go:82.2,82.13 1 1
github.com/bwalsh/github-app/cmd/github-app/main.go:85.50,88.74 3 2
github.com/bwalsh/github-app/cmd/github-app/main.go:88.74,90.3 1 1
github.com/bwalsh/github-app/cmd/github-app/main.go:91.2,91.12 1 2
github.com/bwalsh/github-app/cmd/github-app/main.go:94.72,98.12 3 2
github.com/bwalsh/github-app/cmd/github-app/main.go:98.12,100.3 1 2
github.com/bwalsh/github-app/cmd/github-app/main.go:102.2,102.9 1 2
github.com/bwalsh/github-app/cmd/github-app/main.go:103.22,104.43 1 1
github.com/bwalsh/github-app/cmd/github-app/main.go:104.43,106.4 1 0
github.com/bwalsh/github-app/cmd/github-app/main.go:107.3,107.13 1 1
github.com/bwalsh/github-app/cmd/github-app/main.go:108.20,111.54 3 1
github.com/bwalsh/github-app/cmd/github-app/main.go:111.54,113.4 1 0
github.com/bwalsh/github-app/cmd/github-app/main.go:114.3,115.43 2 1
github.com/bwalsh/github-app/cmd/github-app/main.go:115.43,117.4 1 1
github.com/bwalsh/github-app/cmd/github-app/main.go:118.3,118.13 1 0
github.com/bwalsh/github-app/internal/github/client.go:49.34,51.2 1 6
github.com/bwalsh/github-app/internal/github/client.go:54.55,58.33 4 6
github.com/bwalsh/github-app/internal/github/client.go:58.33,61.3 2 105
github.com/bwalsh/github-app/internal/github/client.go:62.2,62.12 1 6
github.com/bwalsh/github-app/internal/github/client.go:66.119,83.2 7 104
github.com/bwalsh/github-app/internal/github/client.go:86.137,89.8 3 2
github.com/bwalsh/github-app/internal/github/client.go:89.8,91.3 1 1
github.com/bwalsh/github-app/internal/github/client.go:92.2,94.9 2 2
github.com/bwalsh/github-app/internal/github/client.go:94.9,96.3 1 1
github.com/bwalsh/github-app/internal/github/client.go:98.2,100.12 2 1
github.com/bwalsh/github-app/internal/tenant/tenant.go:40.22,42.2 1 4
github.com/bwalsh/github-app/internal/tenant/tenant.go:45.50,47.2 1 7
github.com/bwalsh/github-app/internal/tenant/tenant.go:50.60,52.16 2 3
github.com/bwalsh/github-app/internal/tenant/tenant.go:52.16,54.3 1 0
github.com/bwalsh/github-app/internal/tenant/tenant.go:56.2,65.17 2 3
github.com/bwalsh/github-app/internal/tenant/tenant.go:65.17,68.3 2 0
github.com/bwalsh/github-app/internal/tenant/tenant.go:70.2,70.15 1 3
github.com/bwalsh/github-app/internal/tenant/tenant.go:74.55,75.28 1 6
github.com/bwalsh/github-app/internal/tenant/tenant.go:75.28,77.3 1 0
github.com/bwalsh/github-app/internal/tenant/tenant.go:78.2,78.29 1 6
github.com/bwalsh/github-app/internal/tenant/tenant.go:82.59,83.28 1 8
github.com/bwalsh/github-app/internal/tenant/tenant.go:83.28,85.3 1 0
github.com/bwalsh/github-app/internal/tenant/tenant.go:86.2,86.24 1 8
github.com/bwalsh/github-app/internal/tenant/tenant.go:90.46,91.28 1 2
github.com/bwalsh/github-app/internal/tenant/tenant.go:91.28,93.3 1 0
github.com/bwalsh/github-app/internal/tenant/tenant.go:94.2,94.28 1 2
github.com/bwalsh/github-app/internal/tenant/tenant.go:98.34,99.28 1 3
github.com/bwalsh/github-app/internal/tenant/tenant.go:99.28,101.3 1 0
github.com/bwalsh/github-app/internal/tenant/tenant.go:102.2,102.20 1 3
github.com/bwalsh/github-app/internal/tenant/tenant.go:110.48,112.2 1 4
github.com/bwalsh/github-app/internal/tenant/tenant.go:114.64,119.2 4 4
github.com/bwalsh/github-app/internal/tenant/tenant.go:121.68,126.2 4 5
github.com/bwalsh/github-app/internal/tenant/tenant.go:128.55,133.2 4 1
github.com/bwalsh/github-app/internal/tenant/tenant.go:135.43,137.2 1 0
github.com/bwalsh/github-app/internal/tenant/tenant.go:144.64,156.16 4 2
github.com/bwalsh/github-app/internal/tenant/tenant.go:156.16,158.3 1 0
github.com/bwalsh/github-app/internal/tenant/tenant.go:159.2,159.12 1 2
github.com/bwalsh/github-app/internal/tenant/tenant.go:162.68,172.60 5 3
github.com/bwalsh/github-app/internal/tenant/tenant.go:172.60,173.36 1 1
github.com/bwalsh/github-app/internal/tenant/tenant.go:173.36,175.4 1 1
github.com/bwalsh/github-app/internal/tenant/tenant.go:176.3,176.58 1 0
github.com/bwalsh/github-app/internal/tenant/tenant.go:179.2,179.24 1 2
github.com/bwalsh/github-app/internal/tenant/tenant.go:182.55,190.16 4 1
github.com/bwalsh/github-app/internal/tenant/tenant.go:190.16,192.3 1 0
github.com/bwalsh/github-app/internal/tenant/tenant.go:193.2,193.12 1 1
github.com/bwalsh/github-app/internal/tenant/tenant.go:196.43,197.17 1 3
github.com/bwalsh/github-app/internal/tenant/tenant.go:197.17,199.3 1 0
github.com/bwalsh/github-app/internal/tenant/tenant.go:200.2,200.21 1 3
github.com/bwalsh/github-app/internal/tenant/tenant.go:203.69,205.16 2 6
github.com/bwalsh/github-app/internal/tenant/tenant.go:205.16,207.3 1 0
github.com/bwalsh/github-app/internal/tenant/tenant.go:208.2,208.12 1 6
github.com/bwalsh/github-app/internal/workflow/runner.go:41.78,43.16 2 3
github.com/bwalsh/github-app/internal/workflow/runner.go:43.16,45.3 1 1
github.com/bwalsh/github-app/internal/workflow/runner.go:47.2,50.9 2 3
github.com/bwalsh/github-app/internal/workflow/runner.go:51.27,51.27 0 2
github.com/bwalsh/github-app/internal/workflow/runner.go:52.20,53.24 1 1
github.com/bwalsh/github-app/internal/workflow/runner.go:56.2,60.50 3 2
